<?xml version="1.0" encoding="UTF-8"?>
<!-- Generated by org.testng.reporters.JUnitXMLReporter -->
<testsuite ignored="0" hostname="DESKTOP-JUOQ8HG" failures="0" tests="7" name="Test" time="0.077" errors="0" timestamp="2020-05-12T15:03:45 EDT">
  <testcase classname="MavenProject.E2E_Framework.propertyBasePage" name="bawar" time="0.009"/>
  <testcase classname="MavenProject.E2E_Framework.propertyBasePage" name="hamid" time="0.003"/>
  <testcase classname="MavenProject.E2E_Framework.HomePage" name="run" time="0.002"/>
  <testcase classname="MavenProject.E2E_Framework.NecessaryPage" name="bawar" time="0.004"/>
  <testcase classname="MavenProject.E2E_Framework.NecessaryPage" name="hamid" time="0.001"/>
  <testcase classname="MavenProject.E2E_Framework.LogInPage" name="bawar" time="0.001"/>
  <testcase classname="MavenProject.E2E_Framework.LogInPage" name="hamid" time="0.001"/>
</testsuite> <!-- Test -->
