<?xml version="1.0" encoding="UTF-8"?>
<testng-results ignored="0" total="1" passed="1" failed="0" skipped="0">
  <reporter-output>
  </reporter-output>
  <suite started-at="2020-05-13T16:25:14 EDT" name="Default suite" finished-at="2020-05-13T16:25:23 EDT" duration-ms="8984">
    <groups>
    </groups>
    <test started-at="2020-05-13T16:25:14 EDT" name="Default test" finished-at="2020-05-13T16:25:23 EDT" duration-ms="8984">
      <class name="testCases.PracticePage">
        <test-method is-config="true" signature="setup()[pri:0, instance:testCases.PracticePage@4445629]" started-at="2020-05-13T16:25:14 EDT" name="setup" finished-at="2020-05-13T16:25:22 EDT" duration-ms="7927" status="PASS">
          <reporter-output>
          </reporter-output>
        </test-method> <!-- setup -->
        <test-method signature="MainPage()[pri:0, instance:testCases.PracticePage@4445629]" started-at="2020-05-13T16:25:22 EDT" name="MainPage" finished-at="2020-05-13T16:25:23 EDT" duration-ms="1015" status="PASS">
          <reporter-output>
          </reporter-output>
        </test-method> <!-- MainPage -->
        <test-method is-config="true" signature="tearDown()[pri:0, instance:testCases.PracticePage@4445629]" started-at="2020-05-13T16:25:23 EDT" name="tearDown" finished-at="2020-05-13T16:25:23 EDT" duration-ms="1" status="PASS">
          <reporter-output>
          </reporter-output>
        </test-method> <!-- tearDown -->
      </class> <!-- testCases.PracticePage -->
    </test> <!-- Default test -->
  </suite> <!-- Default suite -->
</testng-results>
