<?xml version="1.0" encoding="UTF-8"?>
<testng-results ignored="0" total="1" passed="1" failed="0" skipped="0">
  <reporter-output>
  </reporter-output>
  <suite started-at="2020-05-08T21:56:53 EDT" name="Default suite" finished-at="2020-05-08T21:57:08 EDT" duration-ms="14884">
    <groups>
    </groups>
    <test started-at="2020-05-08T21:56:53 EDT" name="Default test" finished-at="2020-05-08T21:57:08 EDT" duration-ms="14884">
      <class name="PageObjectPattern.RunPage">
        <test-method signature="rediffcom()[pri:0, instance:PageObjectPattern.RunPage@7ea37dbf]" started-at="2020-05-08T21:56:53 EDT" name="rediffcom" finished-at="2020-05-08T21:57:08 EDT" duration-ms="14831" status="PASS">
          <reporter-output>
          </reporter-output>
        </test-method> <!-- rediffcom -->
      </class> <!-- PageObjectPattern.RunPage -->
    </test> <!-- Default test -->
  </suite> <!-- Default suite -->
</testng-results>
